<?xml version="1.0" encoding="UTF-8"?>
<!-- Generated by org.testng.reporters.JUnitReportReporter -->
<testsuite hostname="WL-9J5M7C3" failures="0" tests="1" name="cucumberOptions.TestNGTestRunner" time="27.268" errors="0" timestamp="2023-05-10T17:32:34 IST" skipped="0">
  <testcase classname="cucumberOptions.TestNGTestRunner" name="runScenario" time="27.268"/>
  <system-out/>
</testsuite> <!-- cucumberOptions.TestNGTestRunner -->
